<?xml version="1.0" encoding="UTF-8"?>
<!-- Generated by org.testng.reporters.JUnitReportReporter -->
<testsuite skipped="0" hostname="DESKTOP-4MFQ21B" name="com.crm.testcases.TaskPagetest" tests="3" failures="0" timestamp="2020-12-28T14:32:18 EST" time="42.623" errors="0">
  <testcase name="ValidateTasksLabel" time="10.815" classname="com.crm.testcases.TaskPagetest"/>
  <system-out/>
  <testcase name="ValidateCreateNewContact" time="15.728" classname="com.crm.testcases.TaskPagetest"/>
  <system-out/>
  <testcase name="ValidateCreateNewContact" time="16.080" classname="com.crm.testcases.TaskPagetest"/>
  <system-out/>
</testsuite> <!-- com.crm.testcases.TaskPagetest -->
