<?xml version="1.0" encoding="UTF-8"?>
<!-- Generated by org.testng.reporters.JUnitReportReporter -->
<testsuite skipped="0" hostname="DESKTOP-4MFQ21B" name="com.crm.testcases.ContactsPageTest" tests="6" failures="0" timestamp="2021-05-25T16:25:57 EDT" time="52.954" errors="0">
  <testcase name="ValidateContactsLabel" time="6.986" classname="com.crm.testcases.ContactsPageTest"/>
  <system-out/>
  <testcase name="ValidateCreateNewContact" time="8.690" classname="com.crm.testcases.ContactsPageTest"/>
  <system-out/>
  <testcase name="ValidateCreateNewContact" time="8.409" classname="com.crm.testcases.ContactsPageTest"/>
  <system-out/>
  <testcase name="ValidateCreateNewContact" time="9.973" classname="com.crm.testcases.ContactsPageTest"/>
  <system-out/>
  <testcase name="ValidateCreateNewContact" time="9.336" classname="com.crm.testcases.ContactsPageTest"/>
  <system-out/>
  <testcase name="ValidateCreateNewContact" time="9.560" classname="com.crm.testcases.ContactsPageTest"/>
  <system-out/>
</testsuite> <!-- com.crm.testcases.ContactsPageTest -->
