<?xml version="1.0" encoding="UTF-8"?>
<!-- Generated by org.testng.reporters.JUnitReportReporter -->
<testsuite skipped="0" hostname="DESKTOP-4MFQ21B" name="com.crm.testcases.HomePageTest" tests="3" failures="0" timestamp="2021-05-27T15:44:46 EDT" time="40.324" errors="0">
  <testcase name="verifyHomePageTitleTest" time="9.097" classname="com.crm.testcases.HomePageTest"/>
  <system-out/>
  <testcase name="verifyUserDisplayTest" time="9.635" classname="com.crm.testcases.HomePageTest"/>
  <system-out/>
  <testcase name="verifyContactsLinkTest" time="21.592" classname="com.crm.testcases.HomePageTest"/>
  <system-out/>
</testsuite> <!-- com.crm.testcases.HomePageTest -->
