<?xml version="1.0" encoding="UTF-8"?>
<!-- Generated by org.testng.reporters.JUnitReportReporter -->
<testsuite skipped="0" hostname="DESKTOP-4MFQ21B" name="com.crm.testcases.LoginPagetest" tests="2" failures="0" timestamp="2021-05-26T17:29:26 EDT" time="13.390" errors="0">
  <testcase name="LoginTest" time="7.455" classname="com.crm.testcases.LoginPagetest"/>
  <system-out/>
  <testcase name="LoginPageTitletest" time="5.935" classname="com.crm.testcases.LoginPagetest"/>
  <system-out/>
</testsuite> <!-- com.crm.testcases.LoginPagetest -->
