<?xml version="1.0" encoding="UTF-8"?>
<!-- Generated by org.testng.reporters.JUnitReportReporter -->
<testsuite skipped="0" hostname="DESKTOP-4MFQ21B" name="com.crm.testcases.DealsPageTest" tests="4" failures="0" timestamp="2020-12-28T14:32:18 EST" time="53.931" errors="0">
  <testcase name="ValidateDealsLabel" time="12.406" classname="com.crm.testcases.DealsPageTest"/>
  <system-out/>
  <testcase name="ValidateCreateNewDeals" time="14.188" classname="com.crm.testcases.DealsPageTest"/>
  <system-out/>
  <testcase name="ValidateCreateNewDeals" time="13.452" classname="com.crm.testcases.DealsPageTest"/>
  <system-out/>
  <testcase name="ValidateCreateNewDeals" time="13.885" classname="com.crm.testcases.DealsPageTest"/>
  <system-out/>
</testsuite> <!-- com.crm.testcases.DealsPageTest -->
